<?xml version="1.0" encoding="UTF-8"?>
<!-- Generated by org.testng.reporters.JUnitReportReporter -->
<testsuite hostname="VIAN" failures="0" tests="2" name="Test_java.Apptest" time="0.264" errors="0" timestamp="2025-03-29T12:16:08 IST" skipped="0">
  <testcase classname="Test_java.Apptest" name="test2" time="0.025"/>
  <testcase classname="Test_java.Apptest" name="test1" time="0.239"/>
</testsuite> <!-- Test_java.Apptest -->
